<?xml version="1.0" encoding="UTF-8"?>
<!-- Generated by org.testng.reporters.JUnitReportReporter -->
<testsuite skipped="0" hostname="Abe-laptop" name="scripts.CarsTest" tests="3" failures="0" timestamp="2022-06-07T01:47:27 CDT" time="25.045" errors="0">
  <testcase name="testCarSignInPage" time="7.504" classname="scripts.CarsTest"/>
  <system-out/>
  <testcase name="testValidateSocialMedia" time="7.455" classname="scripts.CarsTest"/>
  <system-out/>
  <testcase name="testInvalidCredentials" time="10.086" classname="scripts.CarsTest"/>
  <system-out/>
</testsuite> <!-- scripts.CarsTest -->
