<?xml version="1.0" encoding="UTF-8"?>
<!-- Generated by org.testng.reporters.JUnitReportReporter -->
<testsuite skipped="0" hostname="Abe-laptop" name="scripts.CarsTest" tests="3" failures="0" timestamp="2022-06-07T02:00:03 CDT" time="25.273" errors="0">
  <testcase name="testCarSignInPage" time="9.437" classname="scripts.CarsTest"/>
  <system-out/>
  <testcase name="testValidateSocialMedia" time="7.303" classname="scripts.CarsTest"/>
  <system-out/>
  <testcase name="testInvalidCredentials" time="8.533" classname="scripts.CarsTest"/>
  <system-out/>
</testsuite> <!-- scripts.CarsTest -->
